
RAxML-NG v. 1.2.2 released on 11.04.2024 by The Exelixis Lab.
Developed by: Alexey M. Kozlov and Alexandros Stamatakis.
Contributors: Diego Darriba, Tomas Flouri, Benoit Morel, Sarah Lutteropp, Ben Bettisworth, Julia Haag, Anastasis Togkousidis.
Latest version: https://github.com/amkozlov/raxml-ng
Questions/problems/suggestions? Please visit: https://groups.google.com/forum/#!forum/raxml

System: Intel(R) Xeon(R) CPU E5-1660 v3 @ 3.00GHz, 8 cores, 62 GB RAM

RAxML-NG was called at 05-Dec-2024 10:29:07 as follows:

raxml-ng --all -msa snps2024.min4.phy --model GTR+G --prefix v1

Analysis options:
  run mode: ML tree search + bootstrapping (Felsenstein Bootstrap)
  start tree(s): random (10) + parsimony (10)
  bootstrap replicates: parsimony (max: 1000) + bootstopping (autoMRE, cutoff: 0.030000)
  random seed: 1733416147
  tip-inner: OFF
  pattern compression: ON
  per-rate scalers: OFF
  site repeats: ON
  logLH epsilon: general: 10.000000, brlen-triplet: 1000.000000
  fast spr radius: AUTO
  spr subtree cutoff: 1.000000
  fast CLV updates: ON
  branch lengths: proportional (ML estimate, algorithm: NR-FAST)
  SIMD kernels: AVX2
  parallelization: coarse-grained (auto), PTHREADS (auto)

[00:00:00] Reading alignment from file: snps2024.min4.phy
[00:00:00] Loaded alignment with 364 taxa and 3412 sites

Alignment comprises 1 partitions and 3412 patterns

Partition 0: noname
Model: GTR+FO+G4m
Alignment sites / patterns: 3412 / 3412
Gaps: 12.86 %
Invariant sites: 47.33 %


NOTE: Binary MSA file created: v1.raxml.rba

Parallelization scheme autoconfig: 2 worker(s) x 4 thread(s)

[00:00:00] Generating 10 random starting tree(s) with 364 taxa
[00:00:00] Generating 10 parsimony starting tree(s) with 364 taxa
Parallel parsimony with 8 threads
Parallel reduction/worker buffer size: 1 KB  / 0 KB

[00:00:00] Data distribution: max. partitions/sites/weight per thread: 1 / 853 / 13648
[00:00:00] Data distribution: max. searches per worker: 510

Starting ML tree search with 20 distinct starting trees

[00:04:47] [worker #1] ML tree search #2, logLikelihood: -65935.760533
[00:04:52] [worker #0] ML tree search #1, logLikelihood: -65711.814293
[00:09:46] [worker #1] ML tree search #4, logLikelihood: -65838.142656
[00:10:37] [worker #0] ML tree search #3, logLikelihood: -65766.323923
[00:14:53] [worker #1] ML tree search #6, logLikelihood: -65909.411635
[00:17:33] [worker #0] ML tree search #5, logLikelihood: -65738.427430
[00:20:05] [worker #1] ML tree search #8, logLikelihood: -65763.495244
[00:22:47] [worker #0] ML tree search #7, logLikelihood: -65832.029616
[00:25:32] [worker #1] ML tree search #10, logLikelihood: -65851.947945
[00:27:48] [worker #0] ML tree search #9, logLikelihood: -65858.144743
[00:32:04] [worker #1] ML tree search #12, logLikelihood: -65642.543867
[00:32:48] [worker #0] ML tree search #11, logLikelihood: -65854.055408
[00:37:17] [worker #1] ML tree search #14, logLikelihood: -65872.116688
[00:37:51] [worker #0] ML tree search #13, logLikelihood: -65855.143945
[00:41:13] [worker #1] ML tree search #16, logLikelihood: -65792.943763
[00:42:16] [worker #0] ML tree search #15, logLikelihood: -65876.697663
[00:45:58] [worker #1] ML tree search #18, logLikelihood: -65795.761869
[00:46:55] [worker #0] ML tree search #17, logLikelihood: -65877.403714
[00:49:55] [worker #1] ML tree search #20, logLikelihood: -65914.512898
[00:53:14] [worker #0] ML tree search #19, logLikelihood: -65811.769412

[00:53:14] ML tree search completed, best tree logLH: -65642.543867

[00:53:14] Starting bootstrapping analysis with 1000 replicates.

[00:57:09] [worker #1] Bootstrap tree #2, logLikelihood: -62933.735376
[00:59:30] [worker #0] Bootstrap tree #1, logLikelihood: -65522.741228
[01:02:04] [worker #1] Bootstrap tree #4, logLikelihood: -64552.708306
[01:02:36] [worker #0] Bootstrap tree #3, logLikelihood: -59930.528895
[01:07:44] [worker #0] Bootstrap tree #5, logLikelihood: -63285.745396
[01:08:22] [worker #1] Bootstrap tree #6, logLikelihood: -61675.403168
[01:10:59] [worker #1] Bootstrap tree #8, logLikelihood: -63816.254983
[01:11:44] [worker #0] Bootstrap tree #7, logLikelihood: -62483.067795
[01:17:38] [worker #1] Bootstrap tree #10, logLikelihood: -64718.065006
[01:19:13] [worker #0] Bootstrap tree #9, logLikelihood: -63744.736032
[01:20:38] [worker #1] Bootstrap tree #12, logLikelihood: -64428.294790
[01:22:17] [worker #0] Bootstrap tree #11, logLikelihood: -63265.362456
[01:24:49] [worker #1] Bootstrap tree #14, logLikelihood: -65733.973489
[01:26:40] [worker #0] Bootstrap tree #13, logLikelihood: -63053.908741
[01:29:20] [worker #0] Bootstrap tree #15, logLikelihood: -62165.419449
[01:29:44] [worker #1] Bootstrap tree #16, logLikelihood: -63844.991351
[01:34:11] [worker #0] Bootstrap tree #17, logLikelihood: -60680.719843
[01:34:17] [worker #1] Bootstrap tree #18, logLikelihood: -64239.640970
[01:37:45] [worker #0] Bootstrap tree #19, logLikelihood: -64548.739767
[01:37:46] [worker #1] Bootstrap tree #20, logLikelihood: -60690.327935
[01:40:12] [worker #0] Bootstrap tree #21, logLikelihood: -61664.536618
[01:41:22] [worker #1] Bootstrap tree #22, logLikelihood: -60642.107863
[01:43:14] [worker #0] Bootstrap tree #23, logLikelihood: -64162.307285
[01:47:36] [worker #0] Bootstrap tree #25, logLikelihood: -64594.775967
[01:48:04] [worker #1] Bootstrap tree #24, logLikelihood: -64169.913678
[01:50:48] [worker #1] Bootstrap tree #26, logLikelihood: -61502.397879
[01:51:37] [worker #0] Bootstrap tree #27, logLikelihood: -63060.781008
[01:55:21] [worker #1] Bootstrap tree #28, logLikelihood: -61008.522359
[01:55:45] [worker #0] Bootstrap tree #29, logLikelihood: -60875.176534
[01:58:05] [worker #1] Bootstrap tree #30, logLikelihood: -58251.957759
[02:01:45] [worker #0] Bootstrap tree #31, logLikelihood: -62447.662776
[02:03:11] [worker #1] Bootstrap tree #32, logLikelihood: -59991.820787
[02:04:49] [worker #0] Bootstrap tree #33, logLikelihood: -61432.630883
[02:07:16] [worker #1] Bootstrap tree #34, logLikelihood: -62595.172587
[02:07:36] [worker #0] Bootstrap tree #35, logLikelihood: -63532.378166
[02:09:52] [worker #0] Bootstrap tree #37, logLikelihood: -63055.969193
[02:12:43] [worker #1] Bootstrap tree #36, logLikelihood: -64747.117955
[02:13:32] [worker #0] Bootstrap tree #39, logLikelihood: -61795.033540
[02:15:44] [worker #0] Bootstrap tree #41, logLikelihood: -64943.409267
[02:16:04] [worker #1] Bootstrap tree #38, logLikelihood: -62723.281669
[02:18:07] [worker #0] Bootstrap tree #43, logLikelihood: -63296.790509
[02:19:57] [worker #1] Bootstrap tree #40, logLikelihood: -65184.762004
[02:21:51] [worker #0] Bootstrap tree #45, logLikelihood: -65259.724986
[02:22:37] [worker #1] Bootstrap tree #42, logLikelihood: -64961.002977
[02:25:00] [worker #0] Bootstrap tree #47, logLikelihood: -63520.915327
[02:25:03] [worker #1] Bootstrap tree #44, logLikelihood: -58001.600746
[02:27:30] [worker #1] Bootstrap tree #46, logLikelihood: -63389.043320
[02:29:38] [worker #0] Bootstrap tree #49, logLikelihood: -66026.409195
[02:31:28] [worker #1] Bootstrap tree #48, logLikelihood: -63852.879671
[02:36:39] [worker #1] Bootstrap tree #50, logLikelihood: -61922.375931
[02:40:22] [worker #1] Bootstrap tree #52, logLikelihood: -60985.018615
[02:40:58] [worker #0] Bootstrap tree #51, logLikelihood: -64201.337815
[02:44:40] [worker #1] Bootstrap tree #54, logLikelihood: -67207.172164
[02:45:16] [worker #0] Bootstrap tree #53, logLikelihood: -60626.137407
[02:47:15] [worker #1] Bootstrap tree #56, logLikelihood: -67510.471948
[02:48:49] [worker #0] Bootstrap tree #55, logLikelihood: -66319.384477
[02:51:25] [worker #1] Bootstrap tree #58, logLikelihood: -63449.910444
[02:52:28] [worker #0] Bootstrap tree #57, logLikelihood: -65355.847456
[02:54:40] [worker #1] Bootstrap tree #60, logLikelihood: -64833.001051
[02:56:11] [worker #0] Bootstrap tree #59, logLikelihood: -65796.208088
[02:57:24] [worker #1] Bootstrap tree #62, logLikelihood: -63777.782992
[03:00:05] [worker #0] Bootstrap tree #61, logLikelihood: -62222.745059
[03:00:54] [worker #1] Bootstrap tree #64, logLikelihood: -60693.721362
[03:03:59] [worker #0] Bootstrap tree #63, logLikelihood: -64498.499660
[03:06:51] [worker #0] Bootstrap tree #65, logLikelihood: -62827.698270
[03:07:04] [worker #1] Bootstrap tree #66, logLikelihood: -61528.569976
[03:10:00] [worker #0] Bootstrap tree #67, logLikelihood: -65806.023471
[03:13:08] [worker #1] Bootstrap tree #68, logLikelihood: -63081.454962
[03:13:41] [worker #0] Bootstrap tree #69, logLikelihood: -62397.236827
[03:15:34] [worker #1] Bootstrap tree #70, logLikelihood: -62491.938388
[03:17:23] [worker #0] Bootstrap tree #71, logLikelihood: -61393.337295
[03:20:19] [worker #1] Bootstrap tree #72, logLikelihood: -63316.198303
[03:20:50] [worker #0] Bootstrap tree #73, logLikelihood: -61833.502283
[03:23:05] [worker #1] Bootstrap tree #74, logLikelihood: -63053.444566
[03:25:34] [worker #1] Bootstrap tree #76, logLikelihood: -65607.532684
[03:26:23] [worker #0] Bootstrap tree #75, logLikelihood: -62233.340497
[03:29:16] [worker #0] Bootstrap tree #77, logLikelihood: -61776.903790
[03:29:22] [worker #1] Bootstrap tree #78, logLikelihood: -62274.254685
[03:34:04] [worker #0] Bootstrap tree #79, logLikelihood: -63188.726475
[03:34:47] [worker #1] Bootstrap tree #80, logLikelihood: -60871.995564
[03:36:37] [worker #0] Bootstrap tree #81, logLikelihood: -62880.537871
[03:37:25] [worker #1] Bootstrap tree #82, logLikelihood: -65094.663414
[03:40:47] [worker #1] Bootstrap tree #84, logLikelihood: -64125.460286
[03:41:01] [worker #0] Bootstrap tree #83, logLikelihood: -64685.220587
[03:44:56] [worker #1] Bootstrap tree #86, logLikelihood: -66533.056765
[03:45:22] [worker #0] Bootstrap tree #85, logLikelihood: -64266.068049
[03:47:54] [worker #0] Bootstrap tree #87, logLikelihood: -63251.984225
[03:49:57] [worker #1] Bootstrap tree #88, logLikelihood: -60891.601287
[03:51:40] [worker #0] Bootstrap tree #89, logLikelihood: -63545.279190
[03:53:52] [worker #1] Bootstrap tree #90, logLikelihood: -62234.243705
[03:54:52] [worker #0] Bootstrap tree #91, logLikelihood: -64528.389098
[03:56:24] [worker #1] Bootstrap tree #92, logLikelihood: -64778.224979
[03:57:29] [worker #0] Bootstrap tree #93, logLikelihood: -61036.134072
[03:59:54] [worker #0] Bootstrap tree #95, logLikelihood: -63079.022767
[04:00:33] [worker #1] Bootstrap tree #94, logLikelihood: -62133.427851
[04:02:46] [worker #1] Bootstrap tree #96, logLikelihood: -60806.278766
[04:03:53] [worker #0] Bootstrap tree #97, logLikelihood: -61988.279105
[04:07:27] [worker #0] Bootstrap tree #99, logLikelihood: -61867.504373
[04:08:00] [worker #1] Bootstrap tree #98, logLikelihood: -61674.235392
[04:10:23] [worker #1] Bootstrap tree #100, logLikelihood: -62403.503796
[04:14:24] [worker #0] Bootstrap tree #101, logLikelihood: -63249.954751
[04:14:25] [worker #1] Bootstrap tree #102, logLikelihood: -62257.895857
[04:18:21] [worker #1] Bootstrap tree #104, logLikelihood: -61263.121931
[04:19:22] [worker #0] Bootstrap tree #103, logLikelihood: -65399.455972
[04:20:54] [worker #1] Bootstrap tree #106, logLikelihood: -61468.659036
[04:21:57] [worker #0] Bootstrap tree #105, logLikelihood: -62742.851618
[04:25:36] [worker #0] Bootstrap tree #107, logLikelihood: -64767.742918
[04:25:48] [worker #1] Bootstrap tree #108, logLikelihood: -63096.848654
[04:29:20] [worker #0] Bootstrap tree #109, logLikelihood: -65958.124694
[04:29:58] [worker #1] Bootstrap tree #110, logLikelihood: -62616.087339
[04:31:56] [worker #0] Bootstrap tree #111, logLikelihood: -60982.257455
[04:33:20] [worker #1] Bootstrap tree #112, logLikelihood: -64000.740145
[04:36:24] [worker #0] Bootstrap tree #113, logLikelihood: -62205.771112
[04:36:48] [worker #1] Bootstrap tree #114, logLikelihood: -64036.324469
[04:39:59] [worker #0] Bootstrap tree #115, logLikelihood: -61422.291406
[04:40:45] [worker #1] Bootstrap tree #116, logLikelihood: -62655.158884
[04:43:09] [worker #0] Bootstrap tree #117, logLikelihood: -62756.019546
[04:45:38] [worker #1] Bootstrap tree #118, logLikelihood: -63804.631842
[04:46:43] [worker #0] Bootstrap tree #119, logLikelihood: -62999.600279
[04:49:33] [worker #1] Bootstrap tree #120, logLikelihood: -63595.552837
[04:51:14] [worker #0] Bootstrap tree #121, logLikelihood: -61894.159425
[04:53:22] [worker #1] Bootstrap tree #122, logLikelihood: -64472.677125
[04:53:41] [worker #0] Bootstrap tree #123, logLikelihood: -63016.470668
[04:56:31] [worker #1] Bootstrap tree #124, logLikelihood: -64922.631104
[04:57:00] [worker #0] Bootstrap tree #125, logLikelihood: -61674.702821
[04:59:07] [worker #1] Bootstrap tree #126, logLikelihood: -60825.880061
[05:00:34] [worker #0] Bootstrap tree #127, logLikelihood: -62404.158246
[05:02:17] [worker #1] Bootstrap tree #128, logLikelihood: -64014.452882
[05:03:24] [worker #0] Bootstrap tree #129, logLikelihood: -64470.186783
[05:06:22] [worker #1] Bootstrap tree #130, logLikelihood: -63974.871420
[05:06:37] [worker #0] Bootstrap tree #131, logLikelihood: -65192.846145
[05:08:58] [worker #1] Bootstrap tree #132, logLikelihood: -64318.964282
[05:09:44] [worker #0] Bootstrap tree #133, logLikelihood: -63104.393957
[05:12:25] [worker #0] Bootstrap tree #135, logLikelihood: -61035.351489
[05:13:53] [worker #1] Bootstrap tree #134, logLikelihood: -67755.660557
[05:14:52] [worker #0] Bootstrap tree #137, logLikelihood: -63392.376410
[05:16:21] [worker #1] Bootstrap tree #136, logLikelihood: -67707.438127
[05:19:00] [worker #1] Bootstrap tree #138, logLikelihood: -64096.975104
[05:19:13] [worker #0] Bootstrap tree #139, logLikelihood: -61632.388349
[05:22:30] [worker #0] Bootstrap tree #141, logLikelihood: -61455.711693
[05:24:02] [worker #1] Bootstrap tree #140, logLikelihood: -61105.693487
[05:27:19] [worker #0] Bootstrap tree #143, logLikelihood: -67250.208774
[05:29:42] [worker #0] Bootstrap tree #145, logLikelihood: -62111.757551
[05:30:40] [worker #1] Bootstrap tree #142, logLikelihood: -66075.173613
[05:32:56] [worker #0] Bootstrap tree #147, logLikelihood: -64223.376044
[05:35:26] [worker #1] Bootstrap tree #144, logLikelihood: -62264.433918
[05:37:52] [worker #1] Bootstrap tree #146, logLikelihood: -63082.371279
[05:38:14] [worker #0] Bootstrap tree #149, logLikelihood: -61794.788560
[05:40:17] [worker #1] Bootstrap tree #148, logLikelihood: -63564.891869
[05:44:09] [worker #1] Bootstrap tree #150, logLikelihood: -63951.604710
[05:48:06] [worker #0] Bootstrap tree #151, logLikelihood: -63085.475799
[05:50:33] [worker #1] Bootstrap tree #152, logLikelihood: -63410.979381
[05:51:37] [worker #0] Bootstrap tree #153, logLikelihood: -62368.420055
[05:54:58] [worker #1] Bootstrap tree #154, logLikelihood: -62651.964059
[05:55:04] [worker #0] Bootstrap tree #155, logLikelihood: -61092.793343
[05:57:54] [worker #1] Bootstrap tree #156, logLikelihood: -62896.839245
[05:58:54] [worker #0] Bootstrap tree #157, logLikelihood: -63848.112036
[06:04:14] [worker #1] Bootstrap tree #158, logLikelihood: -67212.302775
[06:04:19] [worker #0] Bootstrap tree #159, logLikelihood: -60375.583432
[06:08:07] [worker #1] Bootstrap tree #160, logLikelihood: -62244.060275
[06:08:16] [worker #0] Bootstrap tree #161, logLikelihood: -63302.435538
[06:11:07] [worker #0] Bootstrap tree #163, logLikelihood: -64339.444617
[06:12:51] [worker #1] Bootstrap tree #162, logLikelihood: -62129.935186
[06:14:48] [worker #1] Bootstrap tree #164, logLikelihood: -60372.724784
[06:17:48] [worker #0] Bootstrap tree #165, logLikelihood: -65079.320870
[06:19:52] [worker #1] Bootstrap tree #166, logLikelihood: -62113.679878
[06:21:05] [worker #0] Bootstrap tree #167, logLikelihood: -63623.484162
[06:23:56] [worker #1] Bootstrap tree #168, logLikelihood: -61470.519498
[06:24:55] [worker #0] Bootstrap tree #169, logLikelihood: -60316.346413
[06:28:19] [worker #0] Bootstrap tree #171, logLikelihood: -64319.228588
[06:28:30] [worker #1] Bootstrap tree #170, logLikelihood: -63157.909122
[06:31:13] [worker #0] Bootstrap tree #173, logLikelihood: -61591.442414
[06:31:40] [worker #1] Bootstrap tree #172, logLikelihood: -64344.281271
[06:34:03] [worker #1] Bootstrap tree #174, logLikelihood: -66131.206582
[06:34:10] [worker #0] Bootstrap tree #175, logLikelihood: -63275.938460
[06:37:09] [worker #0] Bootstrap tree #177, logLikelihood: -63986.105389
[06:38:04] [worker #1] Bootstrap tree #176, logLikelihood: -62870.877771
[06:39:59] [worker #0] Bootstrap tree #179, logLikelihood: -65164.184231
[06:41:32] [worker #1] Bootstrap tree #178, logLikelihood: -62799.013246
[06:42:41] [worker #0] Bootstrap tree #181, logLikelihood: -62234.451501
[06:45:33] [worker #1] Bootstrap tree #180, logLikelihood: -64407.033094
[06:46:37] [worker #0] Bootstrap tree #183, logLikelihood: -62113.999033
[06:49:00] [worker #1] Bootstrap tree #182, logLikelihood: -61145.854755
[06:50:15] [worker #0] Bootstrap tree #185, logLikelihood: -63804.141316
[06:52:19] [worker #1] Bootstrap tree #184, logLikelihood: -62997.574866
[06:54:04] [worker #0] Bootstrap tree #187, logLikelihood: -59422.573938
[06:56:24] [worker #1] Bootstrap tree #186, logLikelihood: -65969.232168
[06:57:32] [worker #0] Bootstrap tree #189, logLikelihood: -62048.322591
[07:01:59] [worker #0] Bootstrap tree #191, logLikelihood: -63299.007621
[07:03:14] [worker #1] Bootstrap tree #188, logLikelihood: -61226.963324
[07:06:16] [worker #0] Bootstrap tree #193, logLikelihood: -62899.176555
[07:06:52] [worker #1] Bootstrap tree #190, logLikelihood: -62031.617280
[07:08:51] [worker #0] Bootstrap tree #195, logLikelihood: -63287.719983
[07:10:20] [worker #1] Bootstrap tree #192, logLikelihood: -64055.948675
[07:11:38] [worker #0] Bootstrap tree #197, logLikelihood: -62142.076949
[07:12:57] [worker #1] Bootstrap tree #194, logLikelihood: -65088.183311
[07:13:58] [worker #0] Bootstrap tree #199, logLikelihood: -63169.544032
[07:15:12] [worker #1] Bootstrap tree #196, logLikelihood: -60390.517414
[07:17:45] [worker #1] Bootstrap tree #198, logLikelihood: -63420.114023
[07:21:34] [worker #1] Bootstrap tree #200, logLikelihood: -64127.619612
[07:25:29] [worker #0] Bootstrap tree #201, logLikelihood: -63468.695402
[07:25:42] [worker #1] Bootstrap tree #202, logLikelihood: -64228.047291
[07:29:50] [worker #1] Bootstrap tree #204, logLikelihood: -63612.615657
[07:30:51] [worker #0] Bootstrap tree #203, logLikelihood: -65458.003415
[07:33:39] [worker #1] Bootstrap tree #206, logLikelihood: -61031.425305
[07:35:18] [worker #0] Bootstrap tree #205, logLikelihood: -61792.103719
[07:37:13] [worker #1] Bootstrap tree #208, logLikelihood: -63451.836075
[07:39:20] [worker #0] Bootstrap tree #207, logLikelihood: -63552.990923
[07:39:30] [worker #1] Bootstrap tree #210, logLikelihood: -62830.382434
[07:42:44] [worker #0] Bootstrap tree #209, logLikelihood: -61692.386428
[07:44:07] [worker #1] Bootstrap tree #212, logLikelihood: -63789.409596
[07:46:34] [worker #0] Bootstrap tree #211, logLikelihood: -64216.833706
[07:47:38] [worker #1] Bootstrap tree #214, logLikelihood: -63706.507709
[07:49:49] [worker #0] Bootstrap tree #213, logLikelihood: -62941.894743
[07:51:20] [worker #1] Bootstrap tree #216, logLikelihood: -66892.849684
[07:54:39] [worker #0] Bootstrap tree #215, logLikelihood: -61836.448935
[07:55:17] [worker #1] Bootstrap tree #218, logLikelihood: -63900.416629
[07:58:23] [worker #1] Bootstrap tree #220, logLikelihood: -63368.099824
[07:58:56] [worker #0] Bootstrap tree #217, logLikelihood: -66094.942199
[08:01:25] [worker #0] Bootstrap tree #219, logLikelihood: -64359.812768
[08:01:43] [worker #1] Bootstrap tree #222, logLikelihood: -63498.465445
[08:04:38] [worker #0] Bootstrap tree #221, logLikelihood: -63370.585747
[08:07:12] [worker #1] Bootstrap tree #224, logLikelihood: -64605.917461
[08:10:14] [worker #1] Bootstrap tree #226, logLikelihood: -63528.394817
[08:11:06] [worker #0] Bootstrap tree #223, logLikelihood: -66157.333265
[08:13:54] [worker #1] Bootstrap tree #228, logLikelihood: -65249.547869
[08:15:54] [worker #0] Bootstrap tree #225, logLikelihood: -63457.649595
[08:16:27] [worker #1] Bootstrap tree #230, logLikelihood: -63640.260024
[08:18:33] [worker #0] Bootstrap tree #227, logLikelihood: -63072.120549
[08:18:53] [worker #1] Bootstrap tree #232, logLikelihood: -62266.643752
[08:22:39] [worker #1] Bootstrap tree #234, logLikelihood: -61181.357517
[08:22:43] [worker #0] Bootstrap tree #229, logLikelihood: -63420.195121
[08:24:48] [worker #1] Bootstrap tree #236, logLikelihood: -64387.848078
[08:28:02] [worker #0] Bootstrap tree #231, logLikelihood: -59044.621977
[08:28:43] [worker #1] Bootstrap tree #238, logLikelihood: -65004.916550
[08:31:29] [worker #0] Bootstrap tree #233, logLikelihood: -62293.335062
[08:34:01] [worker #1] Bootstrap tree #240, logLikelihood: -62090.004346
[08:34:56] [worker #0] Bootstrap tree #235, logLikelihood: -67016.881672
[08:37:07] [worker #1] Bootstrap tree #242, logLikelihood: -66680.653547
[08:38:35] [worker #0] Bootstrap tree #237, logLikelihood: -63332.334286
[08:39:40] [worker #1] Bootstrap tree #244, logLikelihood: -66119.728561
[08:42:03] [worker #0] Bootstrap tree #239, logLikelihood: -63327.894059
[08:44:40] [worker #1] Bootstrap tree #246, logLikelihood: -64568.306834
[08:46:27] [worker #0] Bootstrap tree #241, logLikelihood: -62949.906156
[08:47:56] [worker #1] Bootstrap tree #248, logLikelihood: -65646.006034
[08:48:52] [worker #0] Bootstrap tree #243, logLikelihood: -63201.989403
[08:52:04] [worker #1] Bootstrap tree #250, logLikelihood: -64242.013473
[08:53:34] [worker #0] Bootstrap tree #245, logLikelihood: -63088.204845
[08:57:43] [worker #0] Bootstrap tree #247, logLikelihood: -64600.358274
[09:01:42] [worker #0] Bootstrap tree #249, logLikelihood: -62370.380047
[09:06:38] [worker #1] Bootstrap tree #252, logLikelihood: -64768.663972
[09:07:59] [worker #0] Bootstrap tree #251, logLikelihood: -62222.111544
[09:09:55] [worker #1] Bootstrap tree #254, logLikelihood: -63556.874240
[09:13:04] [worker #0] Bootstrap tree #253, logLikelihood: -61586.971651
[09:15:00] [worker #1] Bootstrap tree #256, logLikelihood: -61950.960642
[09:15:19] [worker #0] Bootstrap tree #255, logLikelihood: -60130.106145
[09:18:49] [worker #1] Bootstrap tree #258, logLikelihood: -63390.764134
[09:19:22] [worker #0] Bootstrap tree #257, logLikelihood: -62242.114489
[09:22:34] [worker #1] Bootstrap tree #260, logLikelihood: -63671.865884
[09:24:31] [worker #0] Bootstrap tree #259, logLikelihood: -63597.148901
[09:27:02] [worker #1] Bootstrap tree #262, logLikelihood: -63500.361509
[09:27:15] [worker #0] Bootstrap tree #261, logLikelihood: -62029.250075
[09:29:58] [worker #1] Bootstrap tree #264, logLikelihood: -62331.438706
[09:31:13] [worker #0] Bootstrap tree #263, logLikelihood: -66225.371857
[09:33:33] [worker #1] Bootstrap tree #266, logLikelihood: -63679.941350
[09:35:30] [worker #0] Bootstrap tree #265, logLikelihood: -61569.207704
[09:36:07] [worker #1] Bootstrap tree #268, logLikelihood: -61520.946593
[09:39:35] [worker #0] Bootstrap tree #267, logLikelihood: -64193.513471
[09:41:11] [worker #1] Bootstrap tree #270, logLikelihood: -64030.633694
[09:43:09] [worker #0] Bootstrap tree #269, logLikelihood: -62914.649118
[09:45:09] [worker #1] Bootstrap tree #272, logLikelihood: -60808.475135
[09:47:50] [worker #1] Bootstrap tree #274, logLikelihood: -63525.631021
[09:48:41] [worker #0] Bootstrap tree #271, logLikelihood: -62019.608216
[09:50:52] [worker #1] Bootstrap tree #276, logLikelihood: -60309.124362
[09:51:51] [worker #0] Bootstrap tree #273, logLikelihood: -65723.477406
[09:54:29] [worker #0] Bootstrap tree #275, logLikelihood: -66534.347292
[09:55:25] [worker #1] Bootstrap tree #278, logLikelihood: -63740.496360
[09:58:42] [worker #0] Bootstrap tree #277, logLikelihood: -62080.602840
[10:00:22] [worker #1] Bootstrap tree #280, logLikelihood: -66467.140567
[10:02:33] [worker #0] Bootstrap tree #279, logLikelihood: -61938.082080
[10:02:52] [worker #1] Bootstrap tree #282, logLikelihood: -64744.558302
[10:06:02] [worker #1] Bootstrap tree #284, logLikelihood: -64952.042294
[10:06:38] [worker #0] Bootstrap tree #281, logLikelihood: -63250.328822
[10:10:34] [worker #0] Bootstrap tree #283, logLikelihood: -64005.457791
[10:10:35] [worker #1] Bootstrap tree #286, logLikelihood: -65027.357279
[10:15:25] [worker #0] Bootstrap tree #285, logLikelihood: -63239.684137
[10:16:21] [worker #1] Bootstrap tree #288, logLikelihood: -64067.886985
[10:18:13] [worker #0] Bootstrap tree #287, logLikelihood: -61643.126915
[10:19:47] [worker #1] Bootstrap tree #290, logLikelihood: -63086.744267
[10:22:49] [worker #0] Bootstrap tree #289, logLikelihood: -64875.158080
[10:22:59] [worker #1] Bootstrap tree #292, logLikelihood: -62529.171661
[10:25:35] [worker #0] Bootstrap tree #291, logLikelihood: -62210.942303
[10:27:32] [worker #1] Bootstrap tree #294, logLikelihood: -64667.406818
[10:29:01] [worker #0] Bootstrap tree #293, logLikelihood: -65271.773870
[10:30:07] [worker #1] Bootstrap tree #296, logLikelihood: -60716.227420
[10:33:15] [worker #0] Bootstrap tree #295, logLikelihood: -62626.599346
[10:35:59] [worker #1] Bootstrap tree #298, logLikelihood: -61986.773482
[10:37:04] [worker #0] Bootstrap tree #297, logLikelihood: -67395.293672
[10:38:26] [worker #1] Bootstrap tree #300, logLikelihood: -60525.371033
[10:40:12] [worker #0] Bootstrap tree #299, logLikelihood: -65543.502024
[10:45:19] [worker #0] Bootstrap tree #301, logLikelihood: -62859.509042
[10:45:46] [worker #1] Bootstrap tree #302, logLikelihood: -65913.593221
[10:49:55] [worker #0] Bootstrap tree #303, logLikelihood: -64265.712564
[10:51:02] [worker #1] Bootstrap tree #304, logLikelihood: -62448.310272
[10:52:30] [worker #0] Bootstrap tree #305, logLikelihood: -62073.814309
[10:55:46] [worker #0] Bootstrap tree #307, logLikelihood: -64107.459129
[10:56:26] [worker #1] Bootstrap tree #306, logLikelihood: -65340.135360
[10:59:42] [worker #1] Bootstrap tree #308, logLikelihood: -61536.256637
[11:01:47] [worker #0] Bootstrap tree #309, logLikelihood: -61123.883465
[11:03:35] [worker #1] Bootstrap tree #310, logLikelihood: -61474.053057
[11:06:36] [worker #0] Bootstrap tree #311, logLikelihood: -61894.663899
[11:07:18] [worker #1] Bootstrap tree #312, logLikelihood: -66161.602362
[11:09:11] [worker #0] Bootstrap tree #313, logLikelihood: -60782.225164
[11:11:33] [worker #1] Bootstrap tree #314, logLikelihood: -62169.771299
[11:12:46] [worker #0] Bootstrap tree #315, logLikelihood: -63145.729471
[11:16:11] [worker #1] Bootstrap tree #316, logLikelihood: -61835.508623
[11:16:46] [worker #0] Bootstrap tree #317, logLikelihood: -60887.339957
[11:20:34] [worker #0] Bootstrap tree #319, logLikelihood: -65224.032099
[11:21:09] [worker #1] Bootstrap tree #318, logLikelihood: -62125.713107
[11:23:22] [worker #0] Bootstrap tree #321, logLikelihood: -61903.960281
[11:23:58] [worker #1] Bootstrap tree #320, logLikelihood: -67189.013580
[11:26:53] [worker #1] Bootstrap tree #322, logLikelihood: -62381.387436
[11:27:49] [worker #0] Bootstrap tree #323, logLikelihood: -64638.264805
[11:31:27] [worker #0] Bootstrap tree #325, logLikelihood: -61924.089654
[11:31:45] [worker #1] Bootstrap tree #324, logLikelihood: -61859.415585
[11:35:29] [worker #0] Bootstrap tree #327, logLikelihood: -61043.919315
[11:35:32] [worker #1] Bootstrap tree #326, logLikelihood: -63025.500789
[11:38:07] [worker #1] Bootstrap tree #328, logLikelihood: -61596.608262
[11:40:13] [worker #0] Bootstrap tree #329, logLikelihood: -64180.292354
[11:42:44] [worker #0] Bootstrap tree #331, logLikelihood: -64180.798929
[11:43:28] [worker #1] Bootstrap tree #330, logLikelihood: -62262.757793
[11:45:23] [worker #0] Bootstrap tree #333, logLikelihood: -64322.134819
[11:48:09] [worker #0] Bootstrap tree #335, logLikelihood: -61570.466200
[11:48:38] [worker #1] Bootstrap tree #332, logLikelihood: -61971.034448
[11:52:21] [worker #0] Bootstrap tree #337, logLikelihood: -62543.889709
[11:52:49] [worker #1] Bootstrap tree #334, logLikelihood: -64452.847090
[11:55:34] [worker #0] Bootstrap tree #339, logLikelihood: -59949.223693
[11:56:07] [worker #1] Bootstrap tree #336, logLikelihood: -62730.478864
[11:59:07] [worker #0] Bootstrap tree #341, logLikelihood: -60897.316171
[12:00:29] [worker #1] Bootstrap tree #338, logLikelihood: -62295.005881
[12:03:25] [worker #1] Bootstrap tree #340, logLikelihood: -61720.475445
[12:03:38] [worker #0] Bootstrap tree #343, logLikelihood: -61183.599003
[12:09:09] [worker #1] Bootstrap tree #342, logLikelihood: -62503.226935
[12:10:04] [worker #0] Bootstrap tree #345, logLikelihood: -63831.679623
[12:11:38] [worker #1] Bootstrap tree #344, logLikelihood: -65488.775453
[12:13:12] [worker #0] Bootstrap tree #347, logLikelihood: -66235.387364
[12:14:39] [worker #1] Bootstrap tree #346, logLikelihood: -63959.947153
[12:16:45] [worker #0] Bootstrap tree #349, logLikelihood: -62439.726272
[12:16:49] [worker #1] Bootstrap tree #348, logLikelihood: -65536.020174
[12:20:19] [worker #1] Bootstrap tree #350, logLikelihood: -63038.140355
[12:26:19] [worker #0] Bootstrap tree #351, logLikelihood: -61744.329430
[12:26:29] [worker #1] Bootstrap tree #352, logLikelihood: -64862.447261
[12:30:20] [worker #1] Bootstrap tree #354, logLikelihood: -64081.253549
[12:33:43] [worker #0] Bootstrap tree #353, logLikelihood: -65012.722863
[12:35:52] [worker #1] Bootstrap tree #356, logLikelihood: -61593.815709
[12:38:44] [worker #0] Bootstrap tree #355, logLikelihood: -63244.739151
[12:38:49] [worker #1] Bootstrap tree #358, logLikelihood: -63189.783206
[12:43:37] [worker #0] Bootstrap tree #357, logLikelihood: -58733.883195
[12:47:48] [worker #0] Bootstrap tree #359, logLikelihood: -64922.408730
[12:48:01] [worker #1] Bootstrap tree #360, logLikelihood: -61436.061714
[12:51:23] [worker #0] Bootstrap tree #361, logLikelihood: -66188.866928
[12:51:59] [worker #1] Bootstrap tree #362, logLikelihood: -59909.109351
[12:54:36] [worker #0] Bootstrap tree #363, logLikelihood: -61843.542457
[12:56:22] [worker #1] Bootstrap tree #364, logLikelihood: -59666.262609
[12:57:14] [worker #0] Bootstrap tree #365, logLikelihood: -61200.284816
[12:59:45] [worker #0] Bootstrap tree #367, logLikelihood: -64608.158628
[13:00:19] [worker #1] Bootstrap tree #366, logLikelihood: -63997.036568
[13:02:51] [worker #1] Bootstrap tree #368, logLikelihood: -64700.009174
[13:05:05] [worker #0] Bootstrap tree #369, logLikelihood: -62088.199792
[13:08:01] [worker #1] Bootstrap tree #370, logLikelihood: -66269.710883
[13:08:45] [worker #0] Bootstrap tree #371, logLikelihood: -63193.270856
[13:11:56] [worker #0] Bootstrap tree #373, logLikelihood: -61323.361904
[13:12:58] [worker #1] Bootstrap tree #372, logLikelihood: -63489.904805
[13:15:03] [worker #0] Bootstrap tree #375, logLikelihood: -64172.379851
[13:15:58] [worker #1] Bootstrap tree #374, logLikelihood: -61717.802052
[13:18:16] [worker #1] Bootstrap tree #376, logLikelihood: -62082.338401
[13:22:43] [worker #0] Bootstrap tree #377, logLikelihood: -65050.445811
[13:24:23] [worker #1] Bootstrap tree #378, logLikelihood: -64836.401473
[13:25:04] [worker #0] Bootstrap tree #379, logLikelihood: -63745.552496
[13:27:49] [worker #1] Bootstrap tree #380, logLikelihood: -64827.283427
[13:28:52] [worker #0] Bootstrap tree #381, logLikelihood: -62498.370238
[13:30:14] [worker #1] Bootstrap tree #382, logLikelihood: -65963.589625
[13:33:25] [worker #0] Bootstrap tree #383, logLikelihood: -66134.805279
[13:34:13] [worker #1] Bootstrap tree #384, logLikelihood: -63029.060370
[13:35:44] [worker #0] Bootstrap tree #385, logLikelihood: -65080.401554
[13:36:45] [worker #1] Bootstrap tree #386, logLikelihood: -65741.136083
[13:38:56] [worker #0] Bootstrap tree #387, logLikelihood: -65436.274603
[13:39:45] [worker #1] Bootstrap tree #388, logLikelihood: -60689.807040
[13:41:43] [worker #0] Bootstrap tree #389, logLikelihood: -61331.552626
[13:42:15] [worker #1] Bootstrap tree #390, logLikelihood: -64606.265459
[13:45:00] [worker #0] Bootstrap tree #391, logLikelihood: -64547.852391
[13:46:43] [worker #1] Bootstrap tree #392, logLikelihood: -61757.049839
[13:49:17] [worker #0] Bootstrap tree #393, logLikelihood: -65386.874991
[13:49:31] [worker #1] Bootstrap tree #394, logLikelihood: -63966.607316
[13:52:06] [worker #1] Bootstrap tree #396, logLikelihood: -62267.969523
[13:53:12] [worker #0] Bootstrap tree #395, logLikelihood: -64750.213217
[13:55:31] [worker #1] Bootstrap tree #398, logLikelihood: -60310.134743
[13:57:40] [worker #0] Bootstrap tree #397, logLikelihood: -61981.378023
[13:59:03] [worker #1] Bootstrap tree #400, logLikelihood: -65411.282121
[14:01:23] [worker #0] Bootstrap tree #399, logLikelihood: -63835.911854
[14:06:54] [worker #1] Bootstrap tree #402, logLikelihood: -62196.233404
[14:07:54] [worker #0] Bootstrap tree #401, logLikelihood: -61942.373127
[14:10:32] [worker #0] Bootstrap tree #403, logLikelihood: -68299.944459
[14:11:51] [worker #1] Bootstrap tree #404, logLikelihood: -63293.835463
[14:14:34] [worker #0] Bootstrap tree #405, logLikelihood: -64577.581794
[14:16:18] [worker #1] Bootstrap tree #406, logLikelihood: -63263.673642
[14:17:21] [worker #0] Bootstrap tree #407, logLikelihood: -63811.888098
[14:19:31] [worker #1] Bootstrap tree #408, logLikelihood: -60425.964844
[14:20:15] [worker #0] Bootstrap tree #409, logLikelihood: -62062.169337
[14:23:08] [worker #1] Bootstrap tree #410, logLikelihood: -63265.162676
[14:23:52] [worker #0] Bootstrap tree #411, logLikelihood: -64406.470003
[14:26:01] [worker #1] Bootstrap tree #412, logLikelihood: -60195.567691
[14:27:31] [worker #0] Bootstrap tree #413, logLikelihood: -64170.824955
[14:29:32] [worker #1] Bootstrap tree #414, logLikelihood: -65926.719618
[14:29:35] [worker #0] Bootstrap tree #415, logLikelihood: -61639.872262
[14:32:01] [worker #1] Bootstrap tree #416, logLikelihood: -64312.773770
[14:34:42] [worker #0] Bootstrap tree #417, logLikelihood: -62009.529550
[14:35:11] [worker #1] Bootstrap tree #418, logLikelihood: -56918.834825
[14:37:13] [worker #0] Bootstrap tree #419, logLikelihood: -63986.629941
[14:37:48] [worker #1] Bootstrap tree #420, logLikelihood: -60849.966611
[14:40:19] [worker #0] Bootstrap tree #421, logLikelihood: -62585.007596
[14:41:16] [worker #1] Bootstrap tree #422, logLikelihood: -61276.016050
[14:43:49] [worker #0] Bootstrap tree #423, logLikelihood: -58823.272276
[14:43:56] [worker #1] Bootstrap tree #424, logLikelihood: -61482.190646
[14:46:11] [worker #0] Bootstrap tree #425, logLikelihood: -65892.689607
[14:48:54] [worker #1] Bootstrap tree #426, logLikelihood: -63692.556351
[14:50:13] [worker #0] Bootstrap tree #427, logLikelihood: -64080.498957
[14:51:27] [worker #1] Bootstrap tree #428, logLikelihood: -64282.146235
[14:53:02] [worker #0] Bootstrap tree #429, logLikelihood: -65535.638774
[14:54:32] [worker #1] Bootstrap tree #430, logLikelihood: -64642.803286
[14:56:37] [worker #0] Bootstrap tree #431, logLikelihood: -62268.602890
[14:57:40] [worker #1] Bootstrap tree #432, logLikelihood: -64554.149842
[14:59:25] [worker #0] Bootstrap tree #433, logLikelihood: -61302.299566
[15:01:06] [worker #1] Bootstrap tree #434, logLikelihood: -62308.773187
[15:03:33] [worker #0] Bootstrap tree #435, logLikelihood: -60706.735024
[15:03:58] [worker #1] Bootstrap tree #436, logLikelihood: -59123.957604
[15:07:38] [worker #1] Bootstrap tree #438, logLikelihood: -64537.009161
[15:07:46] [worker #0] Bootstrap tree #437, logLikelihood: -59291.819437
[15:10:23] [worker #1] Bootstrap tree #440, logLikelihood: -63845.021935
[15:11:59] [worker #0] Bootstrap tree #439, logLikelihood: -62631.797321
[15:12:44] [worker #1] Bootstrap tree #442, logLikelihood: -63809.530626
[15:16:38] [worker #0] Bootstrap tree #441, logLikelihood: -63273.280888
[15:17:43] [worker #1] Bootstrap tree #444, logLikelihood: -65851.192444
[15:19:06] [worker #0] Bootstrap tree #443, logLikelihood: -61604.819729
[15:20:08] [worker #1] Bootstrap tree #446, logLikelihood: -66948.538972
[15:23:39] [worker #0] Bootstrap tree #445, logLikelihood: -65967.690124
[15:24:10] [worker #1] Bootstrap tree #448, logLikelihood: -64248.496895
[15:26:52] [worker #0] Bootstrap tree #447, logLikelihood: -64079.349579
[15:27:39] [worker #1] Bootstrap tree #450, logLikelihood: -62739.431942
[15:31:15] [worker #0] Bootstrap tree #449, logLikelihood: -65412.451015
[15:37:55] [worker #0] Bootstrap tree #451, logLikelihood: -64644.505762
[15:39:17] [worker #1] Bootstrap tree #452, logLikelihood: -63821.649932
[15:40:54] [worker #0] Bootstrap tree #453, logLikelihood: -64314.809244
[15:42:56] [worker #1] Bootstrap tree #454, logLikelihood: -63761.533592
[15:44:38] [worker #0] Bootstrap tree #455, logLikelihood: -63658.605372
[15:46:01] [worker #1] Bootstrap tree #456, logLikelihood: -64195.657920
[15:47:24] [worker #0] Bootstrap tree #457, logLikelihood: -66432.809947
[15:49:29] [worker #1] Bootstrap tree #458, logLikelihood: -61993.677959
[15:50:51] [worker #0] Bootstrap tree #459, logLikelihood: -64165.181835
[15:53:22] [worker #1] Bootstrap tree #460, logLikelihood: -65654.288809
[15:55:11] [worker #0] Bootstrap tree #461, logLikelihood: -62249.775276
[15:55:57] [worker #1] Bootstrap tree #462, logLikelihood: -62772.886929
[15:59:09] [worker #0] Bootstrap tree #463, logLikelihood: -59558.074136
[16:00:55] [worker #1] Bootstrap tree #464, logLikelihood: -67368.779093
[16:01:35] [worker #0] Bootstrap tree #465, logLikelihood: -61765.571438
[16:04:45] [worker #0] Bootstrap tree #467, logLikelihood: -61123.763579
[16:06:45] [worker #1] Bootstrap tree #466, logLikelihood: -62616.076947
[16:07:42] [worker #0] Bootstrap tree #469, logLikelihood: -64134.385272
[16:10:06] [worker #0] Bootstrap tree #471, logLikelihood: -62736.386018
[16:10:17] [worker #1] Bootstrap tree #468, logLikelihood: -64539.232939
[16:12:44] [worker #1] Bootstrap tree #470, logLikelihood: -62390.010848
[16:14:56] [worker #0] Bootstrap tree #473, logLikelihood: -63382.920299
[16:16:20] [worker #1] Bootstrap tree #472, logLikelihood: -61600.629891
[16:19:03] [worker #1] Bootstrap tree #474, logLikelihood: -62203.019426
[16:20:47] [worker #0] Bootstrap tree #475, logLikelihood: -60899.223743
[16:22:44] [worker #1] Bootstrap tree #476, logLikelihood: -66011.411594
[16:25:48] [worker #1] Bootstrap tree #478, logLikelihood: -61310.789930
[16:26:55] [worker #0] Bootstrap tree #477, logLikelihood: -63717.710308
[16:30:21] [worker #1] Bootstrap tree #480, logLikelihood: -63471.575668
[16:31:54] [worker #0] Bootstrap tree #479, logLikelihood: -63039.179900
[16:34:28] [worker #1] Bootstrap tree #482, logLikelihood: -64495.859723
[16:34:57] [worker #0] Bootstrap tree #481, logLikelihood: -67935.931230
[16:38:26] [worker #1] Bootstrap tree #484, logLikelihood: -63700.953716
[16:38:32] [worker #0] Bootstrap tree #483, logLikelihood: -61004.087726
[16:41:39] [worker #1] Bootstrap tree #486, logLikelihood: -62727.329058
[16:42:18] [worker #0] Bootstrap tree #485, logLikelihood: -64853.513789
[16:45:16] [worker #0] Bootstrap tree #487, logLikelihood: -65042.301026
[16:45:20] [worker #1] Bootstrap tree #488, logLikelihood: -61591.216260
[16:47:58] [worker #1] Bootstrap tree #490, logLikelihood: -62550.330127
[16:49:26] [worker #0] Bootstrap tree #489, logLikelihood: -64395.204701
[16:51:35] [worker #1] Bootstrap tree #492, logLikelihood: -63972.458963
[16:51:47] [worker #0] Bootstrap tree #491, logLikelihood: -63221.153487
[16:54:50] [worker #0] Bootstrap tree #493, logLikelihood: -61652.963927
[16:55:50] [worker #1] Bootstrap tree #494, logLikelihood: -65212.157078
[16:57:38] [worker #0] Bootstrap tree #495, logLikelihood: -63873.969901
[16:58:49] [worker #1] Bootstrap tree #496, logLikelihood: -65849.271897
[17:00:27] [worker #0] Bootstrap tree #497, logLikelihood: -63080.749515
[17:02:51] [worker #1] Bootstrap tree #498, logLikelihood: -61412.629115
[17:04:02] [worker #0] Bootstrap tree #499, logLikelihood: -61647.360365
[17:06:40] [worker #1] Bootstrap tree #500, logLikelihood: -64375.460336
[17:14:03] [worker #1] Bootstrap tree #502, logLikelihood: -62879.245183
[17:15:24] [worker #0] Bootstrap tree #501, logLikelihood: -59089.869148
[17:18:42] [worker #1] Bootstrap tree #504, logLikelihood: -64086.621720
[17:20:04] [worker #0] Bootstrap tree #503, logLikelihood: -62301.234721
[17:22:09] [worker #1] Bootstrap tree #506, logLikelihood: -66115.810656
[17:25:50] [worker #1] Bootstrap tree #508, logLikelihood: -62208.804176
[17:26:17] [worker #0] Bootstrap tree #505, logLikelihood: -62212.212593
[17:29:03] [worker #1] Bootstrap tree #510, logLikelihood: -61436.176669
[17:29:31] [worker #0] Bootstrap tree #507, logLikelihood: -60629.151402
[17:31:56] [worker #1] Bootstrap tree #512, logLikelihood: -63412.514894
[17:35:03] [worker #0] Bootstrap tree #509, logLikelihood: -63564.478198
[17:37:01] [worker #1] Bootstrap tree #514, logLikelihood: -62981.274943
[17:37:59] [worker #0] Bootstrap tree #511, logLikelihood: -66047.951967
[17:41:00] [worker #1] Bootstrap tree #516, logLikelihood: -60440.610656
[17:42:34] [worker #0] Bootstrap tree #513, logLikelihood: -62488.774098
[17:45:26] [worker #1] Bootstrap tree #518, logLikelihood: -63735.630484
[17:47:40] [worker #0] Bootstrap tree #515, logLikelihood: -63925.084094
[17:47:54] [worker #1] Bootstrap tree #520, logLikelihood: -64896.523028
[17:50:14] [worker #0] Bootstrap tree #517, logLikelihood: -62650.513593
[17:52:31] [worker #1] Bootstrap tree #522, logLikelihood: -66109.271063
[17:54:55] [worker #0] Bootstrap tree #519, logLikelihood: -60873.591002
[17:57:09] [worker #1] Bootstrap tree #524, logLikelihood: -64921.054581
[18:00:03] [worker #1] Bootstrap tree #526, logLikelihood: -65300.453400
[18:00:59] [worker #0] Bootstrap tree #521, logLikelihood: -62978.417568
[18:04:09] [worker #1] Bootstrap tree #528, logLikelihood: -65103.037614
[18:05:06] [worker #0] Bootstrap tree #523, logLikelihood: -61849.783917
[18:08:12] [worker #1] Bootstrap tree #530, logLikelihood: -62582.844853
[18:08:20] [worker #0] Bootstrap tree #525, logLikelihood: -63790.738686
[18:11:58] [worker #0] Bootstrap tree #527, logLikelihood: -60751.648860
[18:13:16] [worker #1] Bootstrap tree #532, logLikelihood: -61068.222269
[18:16:09] [worker #1] Bootstrap tree #534, logLikelihood: -61672.684311
[18:16:43] [worker #0] Bootstrap tree #529, logLikelihood: -63541.318502
[18:18:34] [worker #1] Bootstrap tree #536, logLikelihood: -63141.621392
[18:21:37] [worker #1] Bootstrap tree #538, logLikelihood: -61475.353607
[18:21:41] [worker #0] Bootstrap tree #531, logLikelihood: -61186.042425
[18:23:53] [worker #1] Bootstrap tree #540, logLikelihood: -62771.238248
[18:25:27] [worker #0] Bootstrap tree #533, logLikelihood: -64380.565920
[18:28:15] [worker #1] Bootstrap tree #542, logLikelihood: -61837.249195
[18:30:45] [worker #0] Bootstrap tree #535, logLikelihood: -64320.249026
[18:32:58] [worker #1] Bootstrap tree #544, logLikelihood: -64493.490752
[18:34:41] [worker #0] Bootstrap tree #537, logLikelihood: -63031.077770
[18:35:28] [worker #1] Bootstrap tree #546, logLikelihood: -59344.717347
[18:38:27] [worker #0] Bootstrap tree #539, logLikelihood: -67347.593837
[18:39:23] [worker #1] Bootstrap tree #548, logLikelihood: -66354.899296
[18:40:52] [worker #0] Bootstrap tree #541, logLikelihood: -65024.732664
[18:42:29] [worker #1] Bootstrap tree #550, logLikelihood: -63333.966848
[18:44:53] [worker #0] Bootstrap tree #543, logLikelihood: -62644.523721
[18:49:12] [worker #0] Bootstrap tree #545, logLikelihood: -62441.471912
[18:55:05] [worker #0] Bootstrap tree #547, logLikelihood: -64264.589611
[18:58:42] [worker #0] Bootstrap tree #549, logLikelihood: -61784.144439
[19:05:44] [worker #0] Bootstrap tree #551, logLikelihood: -62416.495945
[19:06:09] [worker #1] Bootstrap tree #552, logLikelihood: -61892.061460
[19:09:41] [worker #1] Bootstrap tree #554, logLikelihood: -62670.615154
[19:10:43] [worker #0] Bootstrap tree #553, logLikelihood: -61673.940043
[19:12:17] [worker #1] Bootstrap tree #556, logLikelihood: -65372.513866
[19:13:17] [worker #0] Bootstrap tree #555, logLikelihood: -66412.854223
[19:15:19] [worker #1] Bootstrap tree #558, logLikelihood: -61684.946151
[19:15:51] [worker #0] Bootstrap tree #557, logLikelihood: -61227.222308
[19:18:28] [worker #0] Bootstrap tree #559, logLikelihood: -64869.446587
[19:18:55] [worker #1] Bootstrap tree #560, logLikelihood: -60969.398195
[19:21:15] [worker #1] Bootstrap tree #562, logLikelihood: -61333.042986
[19:22:05] [worker #0] Bootstrap tree #561, logLikelihood: -62300.032746
[19:24:34] [worker #1] Bootstrap tree #564, logLikelihood: -63629.029258
[19:25:38] [worker #0] Bootstrap tree #563, logLikelihood: -65631.514281
[19:29:05] [worker #1] Bootstrap tree #566, logLikelihood: -59264.148982
[19:30:37] [worker #0] Bootstrap tree #565, logLikelihood: -63806.336406
[19:33:50] [worker #1] Bootstrap tree #568, logLikelihood: -65072.893815
[19:34:25] [worker #0] Bootstrap tree #567, logLikelihood: -63555.500738
[19:36:14] [worker #1] Bootstrap tree #570, logLikelihood: -64699.185032
[19:38:17] [worker #0] Bootstrap tree #569, logLikelihood: -62122.633605
[19:40:10] [worker #1] Bootstrap tree #572, logLikelihood: -61725.621553
[19:40:45] [worker #0] Bootstrap tree #571, logLikelihood: -60671.962383
[19:42:55] [worker #1] Bootstrap tree #574, logLikelihood: -64360.904185
[19:44:35] [worker #0] Bootstrap tree #573, logLikelihood: -65020.806975
[19:45:52] [worker #1] Bootstrap tree #576, logLikelihood: -61513.197918
[19:49:37] [worker #0] Bootstrap tree #575, logLikelihood: -64089.450672
[19:50:35] [worker #1] Bootstrap tree #578, logLikelihood: -62768.210786
[19:53:18] [worker #0] Bootstrap tree #577, logLikelihood: -64718.985012
[19:53:24] [worker #1] Bootstrap tree #580, logLikelihood: -63717.878045
[19:56:19] [worker #0] Bootstrap tree #579, logLikelihood: -64054.738887
[19:56:52] [worker #1] Bootstrap tree #582, logLikelihood: -62580.490347
[19:59:10] [worker #0] Bootstrap tree #581, logLikelihood: -60498.395314
[20:00:57] [worker #1] Bootstrap tree #584, logLikelihood: -60094.285545
[20:02:55] [worker #0] Bootstrap tree #583, logLikelihood: -63360.243413
[20:06:29] [worker #1] Bootstrap tree #586, logLikelihood: -61485.322778
[20:06:42] [worker #0] Bootstrap tree #585, logLikelihood: -61802.645132
[20:10:52] [worker #1] Bootstrap tree #588, logLikelihood: -66806.619738
[20:13:43] [worker #0] Bootstrap tree #587, logLikelihood: -64021.796818
[20:14:42] [worker #1] Bootstrap tree #590, logLikelihood: -64966.774877
[20:18:13] [worker #1] Bootstrap tree #592, logLikelihood: -64316.290456
[20:19:21] [worker #0] Bootstrap tree #589, logLikelihood: -62356.655705
[20:21:49] [worker #0] Bootstrap tree #591, logLikelihood: -62966.708310
[20:21:55] [worker #1] Bootstrap tree #594, logLikelihood: -66469.259790
[20:23:59] [worker #0] Bootstrap tree #593, logLikelihood: -63413.563652
[20:24:29] [worker #1] Bootstrap tree #596, logLikelihood: -60890.902966
[20:29:46] [worker #1] Bootstrap tree #598, logLikelihood: -62178.223668
[20:30:34] [worker #0] Bootstrap tree #595, logLikelihood: -60682.472008
[20:33:22] [worker #1] Bootstrap tree #600, logLikelihood: -60013.909766
[20:36:05] [worker #0] Bootstrap tree #597, logLikelihood: -62442.495072
[20:40:35] [worker #0] Bootstrap tree #599, logLikelihood: -59840.084304
[20:47:47] [worker #0] Bootstrap tree #601, logLikelihood: -65925.501737
[20:47:59] [worker #1] Bootstrap tree #602, logLikelihood: -63106.006980
[20:50:56] [worker #1] Bootstrap tree #604, logLikelihood: -63448.817982
[20:51:47] [worker #0] Bootstrap tree #603, logLikelihood: -61855.339658
[20:54:47] [worker #0] Bootstrap tree #605, logLikelihood: -63458.369810
[20:55:03] [worker #1] Bootstrap tree #606, logLikelihood: -64040.412828
[20:56:53] [worker #0] Bootstrap tree #607, logLikelihood: -61081.504215
[20:57:23] [worker #1] Bootstrap tree #608, logLikelihood: -62699.509323
[20:59:23] [worker #0] Bootstrap tree #609, logLikelihood: -62259.026545
[21:03:26] [worker #1] Bootstrap tree #610, logLikelihood: -64871.485034
[21:04:38] [worker #0] Bootstrap tree #611, logLikelihood: -63337.396532
[21:06:50] [worker #0] Bootstrap tree #613, logLikelihood: -65656.940350
[21:07:32] [worker #1] Bootstrap tree #612, logLikelihood: -64417.747080
[21:10:04] [worker #0] Bootstrap tree #615, logLikelihood: -62126.198709
[21:10:55] [worker #1] Bootstrap tree #614, logLikelihood: -64083.483511
[21:15:54] [worker #0] Bootstrap tree #617, logLikelihood: -60402.380034
[21:16:14] [worker #1] Bootstrap tree #616, logLikelihood: -60243.039936
[21:19:18] [worker #0] Bootstrap tree #619, logLikelihood: -64320.631516
[21:20:27] [worker #1] Bootstrap tree #618, logLikelihood: -66920.597386
[21:21:42] [worker #0] Bootstrap tree #621, logLikelihood: -65300.809311
[21:23:51] [worker #1] Bootstrap tree #620, logLikelihood: -62256.520101
[21:26:08] [worker #1] Bootstrap tree #622, logLikelihood: -64279.822053
[21:26:15] [worker #0] Bootstrap tree #623, logLikelihood: -65456.128057
[21:29:44] [worker #0] Bootstrap tree #625, logLikelihood: -61326.165700
[21:30:35] [worker #1] Bootstrap tree #624, logLikelihood: -60617.322701
[21:32:26] [worker #0] Bootstrap tree #627, logLikelihood: -60418.558836
[21:35:53] [worker #1] Bootstrap tree #626, logLikelihood: -64710.737405
[21:36:53] [worker #0] Bootstrap tree #629, logLikelihood: -65346.604811
[21:38:30] [worker #1] Bootstrap tree #628, logLikelihood: -62342.327522
[21:42:34] [worker #1] Bootstrap tree #630, logLikelihood: -62315.612091
[21:42:35] [worker #0] Bootstrap tree #631, logLikelihood: -65510.730258
[21:45:56] [worker #0] Bootstrap tree #633, logLikelihood: -65463.664916
[21:46:29] [worker #1] Bootstrap tree #632, logLikelihood: -60338.121208
[21:49:18] [worker #0] Bootstrap tree #635, logLikelihood: -61091.421027
[21:49:53] [worker #1] Bootstrap tree #634, logLikelihood: -61437.903325
[21:52:34] [worker #0] Bootstrap tree #637, logLikelihood: -60411.063964
[21:54:17] [worker #1] Bootstrap tree #636, logLikelihood: -62898.042820
[21:56:42] [worker #0] Bootstrap tree #639, logLikelihood: -65341.730088
[21:58:40] [worker #1] Bootstrap tree #638, logLikelihood: -63315.398684
[21:59:23] [worker #0] Bootstrap tree #641, logLikelihood: -63358.418508
[22:01:54] [worker #0] Bootstrap tree #643, logLikelihood: -63401.538954
[22:02:12] [worker #1] Bootstrap tree #640, logLikelihood: -62219.793225
[22:05:54] [worker #1] Bootstrap tree #642, logLikelihood: -64816.480802
[22:06:02] [worker #0] Bootstrap tree #645, logLikelihood: -61583.542776
[22:08:05] [worker #1] Bootstrap tree #644, logLikelihood: -65924.595985
[22:10:38] [worker #0] Bootstrap tree #647, logLikelihood: -62111.716765
[22:11:40] [worker #1] Bootstrap tree #646, logLikelihood: -63158.838047
[22:13:19] [worker #0] Bootstrap tree #649, logLikelihood: -62514.624798
[22:15:58] [worker #1] Bootstrap tree #648, logLikelihood: -64326.213127
[22:20:12] [worker #1] Bootstrap tree #650, logLikelihood: -61930.848063
[22:28:52] [worker #0] Bootstrap tree #651, logLikelihood: -63193.695725
[22:30:36] [worker #1] Bootstrap tree #652, logLikelihood: -60378.342415
[22:32:28] [worker #0] Bootstrap tree #653, logLikelihood: -62174.093884
[22:34:59] [worker #1] Bootstrap tree #654, logLikelihood: -62373.774057
[22:38:10] [worker #1] Bootstrap tree #656, logLikelihood: -64165.892409
[22:39:04] [worker #0] Bootstrap tree #655, logLikelihood: -60983.903881
[22:42:41] [worker #1] Bootstrap tree #658, logLikelihood: -62458.733899
[22:43:49] [worker #0] Bootstrap tree #657, logLikelihood: -64008.634510
[22:45:50] [worker #1] Bootstrap tree #660, logLikelihood: -63480.941340
[22:47:59] [worker #0] Bootstrap tree #659, logLikelihood: -61091.638191
[22:51:48] [worker #0] Bootstrap tree #661, logLikelihood: -59482.524301
[22:53:26] [worker #1] Bootstrap tree #662, logLikelihood: -63250.916047
[22:56:32] [worker #0] Bootstrap tree #663, logLikelihood: -63309.960277
[22:56:52] [worker #1] Bootstrap tree #664, logLikelihood: -63782.354049
[22:59:44] [worker #1] Bootstrap tree #666, logLikelihood: -63661.658752
[23:04:33] [worker #0] Bootstrap tree #665, logLikelihood: -63549.823427
[23:04:55] [worker #1] Bootstrap tree #668, logLikelihood: -64546.061162
[23:09:38] [worker #1] Bootstrap tree #670, logLikelihood: -62223.780265
[23:10:17] [worker #0] Bootstrap tree #667, logLikelihood: -64384.563807
[23:15:02] [worker #1] Bootstrap tree #672, logLikelihood: -67193.835718
[23:15:31] [worker #0] Bootstrap tree #669, logLikelihood: -63924.610852
[23:18:40] [worker #1] Bootstrap tree #674, logLikelihood: -65181.925032
[23:18:51] [worker #0] Bootstrap tree #671, logLikelihood: -63702.142895
[23:24:27] [worker #0] Bootstrap tree #673, logLikelihood: -65375.499784
[23:25:23] [worker #1] Bootstrap tree #676, logLikelihood: -63004.356867
[23:28:09] [worker #0] Bootstrap tree #675, logLikelihood: -60574.923729
[23:31:55] [worker #1] Bootstrap tree #678, logLikelihood: -64508.705831
[23:34:50] [worker #1] Bootstrap tree #680, logLikelihood: -64926.756788
[23:35:23] [worker #0] Bootstrap tree #677, logLikelihood: -64441.788752
[23:39:23] [worker #0] Bootstrap tree #679, logLikelihood: -61649.450744
[23:39:56] [worker #1] Bootstrap tree #682, logLikelihood: -64381.876130
[23:43:54] [worker #0] Bootstrap tree #681, logLikelihood: -64094.888426
[23:44:44] [worker #1] Bootstrap tree #684, logLikelihood: -62350.383507
[23:46:29] [worker #0] Bootstrap tree #683, logLikelihood: -62105.460681
[23:47:07] [worker #1] Bootstrap tree #686, logLikelihood: -62385.202266
[23:50:05] [worker #0] Bootstrap tree #685, logLikelihood: -64542.705804
[23:50:41] [worker #1] Bootstrap tree #688, logLikelihood: -63098.008124
[23:52:52] [worker #0] Bootstrap tree #687, logLikelihood: -61563.011295
[23:55:24] [worker #1] Bootstrap tree #690, logLikelihood: -61613.445156
[23:55:39] [worker #0] Bootstrap tree #689, logLikelihood: -63261.590337
[23:59:12] [worker #1] Bootstrap tree #692, logLikelihood: -62339.973711
[24:02:40] [worker #0] Bootstrap tree #691, logLikelihood: -63061.230934
[24:05:23] [worker #1] Bootstrap tree #694, logLikelihood: -66490.638620
[24:06:13] [worker #0] Bootstrap tree #693, logLikelihood: -62718.057238
[24:10:54] [worker #1] Bootstrap tree #696, logLikelihood: -60560.797678
[24:11:27] [worker #0] Bootstrap tree #695, logLikelihood: -62520.382269
[24:14:26] [worker #0] Bootstrap tree #697, logLikelihood: -61319.759588
[24:15:19] [worker #1] Bootstrap tree #698, logLikelihood: -60300.248924
[24:19:10] [worker #0] Bootstrap tree #699, logLikelihood: -61123.858219
[24:21:04] [worker #1] Bootstrap tree #700, logLikelihood: -62654.599973
[24:33:10] [worker #1] Bootstrap tree #702, logLikelihood: -62933.958346
[24:34:31] [worker #0] Bootstrap tree #701, logLikelihood: -63165.682471
[24:36:57] [worker #1] Bootstrap tree #704, logLikelihood: -60986.225418
[24:38:10] [worker #0] Bootstrap tree #703, logLikelihood: -59016.007328
[24:41:07] [worker #0] Bootstrap tree #705, logLikelihood: -62619.659745
[24:41:08] [worker #1] Bootstrap tree #706, logLikelihood: -66580.607802
[24:45:07] [worker #1] Bootstrap tree #708, logLikelihood: -59750.445998
[24:46:33] [worker #0] Bootstrap tree #707, logLikelihood: -63843.811631
[24:47:58] [worker #1] Bootstrap tree #710, logLikelihood: -64911.467456
[24:51:06] [worker #0] Bootstrap tree #709, logLikelihood: -62654.326864
[24:51:14] [worker #1] Bootstrap tree #712, logLikelihood: -61633.380836
[24:53:44] [worker #0] Bootstrap tree #711, logLikelihood: -64251.721514
[24:58:48] [worker #1] Bootstrap tree #714, logLikelihood: -61718.136565
[25:00:57] [worker #0] Bootstrap tree #713, logLikelihood: -64258.598624
[25:04:19] [worker #1] Bootstrap tree #716, logLikelihood: -66443.821354
[25:05:03] [worker #0] Bootstrap tree #715, logLikelihood: -62853.006082
[25:08:57] [worker #0] Bootstrap tree #717, logLikelihood: -59939.480647
[25:09:01] [worker #1] Bootstrap tree #718, logLikelihood: -60645.270775
[25:13:40] [worker #1] Bootstrap tree #720, logLikelihood: -63984.478993
[25:14:06] [worker #0] Bootstrap tree #719, logLikelihood: -63250.160198
[25:17:23] [worker #0] Bootstrap tree #721, logLikelihood: -66484.808532
[25:17:32] [worker #1] Bootstrap tree #722, logLikelihood: -62882.966870
[25:21:00] [worker #1] Bootstrap tree #724, logLikelihood: -61962.253379
[25:21:24] [worker #0] Bootstrap tree #723, logLikelihood: -64579.830966
[25:25:13] [worker #0] Bootstrap tree #725, logLikelihood: -65039.942752
[25:25:39] [worker #1] Bootstrap tree #726, logLikelihood: -64152.679024
[25:28:14] [worker #1] Bootstrap tree #728, logLikelihood: -62707.908495
[25:28:35] [worker #0] Bootstrap tree #727, logLikelihood: -64423.439673
[25:32:47] [worker #0] Bootstrap tree #729, logLikelihood: -64532.426260
[25:35:08] [worker #1] Bootstrap tree #730, logLikelihood: -64309.742712
[25:36:09] [worker #0] Bootstrap tree #731, logLikelihood: -61500.722368
[25:40:44] [worker #0] Bootstrap tree #733, logLikelihood: -63421.429944
[25:42:29] [worker #1] Bootstrap tree #732, logLikelihood: -62430.213014
[25:45:13] [worker #0] Bootstrap tree #735, logLikelihood: -66808.993027
[25:47:50] [worker #0] Bootstrap tree #737, logLikelihood: -64054.820879
[25:48:10] [worker #1] Bootstrap tree #734, logLikelihood: -60903.921098
[25:52:40] [worker #0] Bootstrap tree #739, logLikelihood: -65245.542084
[25:54:03] [worker #1] Bootstrap tree #736, logLikelihood: -62571.922789
[25:57:46] [worker #1] Bootstrap tree #738, logLikelihood: -63465.482644
[25:59:05] [worker #0] Bootstrap tree #741, logLikelihood: -64284.173738
[26:02:30] [worker #1] Bootstrap tree #740, logLikelihood: -61243.108602
[26:03:48] [worker #0] Bootstrap tree #743, logLikelihood: -61291.174107
[26:05:14] [worker #1] Bootstrap tree #742, logLikelihood: -59989.878871
[26:06:14] [worker #0] Bootstrap tree #745, logLikelihood: -64014.695664
[26:09:18] [worker #1] Bootstrap tree #744, logLikelihood: -63746.734437
[26:11:44] [worker #0] Bootstrap tree #747, logLikelihood: -61952.134650
[26:12:56] [worker #1] Bootstrap tree #746, logLikelihood: -62608.413605
[26:14:59] [worker #0] Bootstrap tree #749, logLikelihood: -61144.199345
[26:15:33] [worker #1] Bootstrap tree #748, logLikelihood: -62535.513486
[26:20:24] [worker #1] Bootstrap tree #750, logLikelihood: -64672.787695
[26:32:19] [worker #1] Bootstrap tree #752, logLikelihood: -63562.241762
[26:32:19] [worker #0] Bootstrap tree #751, logLikelihood: -62964.472191
[26:35:02] [worker #1] Bootstrap tree #754, logLikelihood: -63168.637326
[26:35:16] [worker #0] Bootstrap tree #753, logLikelihood: -66583.259619
[26:39:49] [worker #1] Bootstrap tree #756, logLikelihood: -59864.233895
[26:39:55] [worker #0] Bootstrap tree #755, logLikelihood: -63988.536192
[26:43:36] [worker #1] Bootstrap tree #758, logLikelihood: -60989.241839
[26:44:29] [worker #0] Bootstrap tree #757, logLikelihood: -62255.881982
[26:46:08] [worker #1] Bootstrap tree #760, logLikelihood: -64080.557313
[26:47:49] [worker #0] Bootstrap tree #759, logLikelihood: -62257.005080
[26:50:28] [worker #1] Bootstrap tree #762, logLikelihood: -60233.048402
[26:51:34] [worker #0] Bootstrap tree #761, logLikelihood: -62028.210717
[26:55:14] [worker #0] Bootstrap tree #763, logLikelihood: -63717.757681
[26:55:15] [worker #1] Bootstrap tree #764, logLikelihood: -65159.109400
[26:58:12] [worker #1] Bootstrap tree #766, logLikelihood: -63799.094067
[26:59:12] [worker #0] Bootstrap tree #765, logLikelihood: -60468.140911
[27:01:06] [worker #1] Bootstrap tree #768, logLikelihood: -61840.265825
[27:04:35] [worker #0] Bootstrap tree #767, logLikelihood: -61665.996393
[27:05:30] [worker #1] Bootstrap tree #770, logLikelihood: -62704.242000
[27:09:37] [worker #1] Bootstrap tree #772, logLikelihood: -62720.409701
[27:09:49] [worker #0] Bootstrap tree #769, logLikelihood: -61158.734362
[27:12:36] [worker #0] Bootstrap tree #771, logLikelihood: -65275.381642
[27:12:50] [worker #1] Bootstrap tree #774, logLikelihood: -65012.284353
[27:15:45] [worker #1] Bootstrap tree #776, logLikelihood: -63805.313944
[27:17:37] [worker #0] Bootstrap tree #773, logLikelihood: -65419.483874
[27:18:16] [worker #1] Bootstrap tree #778, logLikelihood: -63490.230342
[27:20:30] [worker #0] Bootstrap tree #775, logLikelihood: -64289.209537
[27:22:38] [worker #1] Bootstrap tree #780, logLikelihood: -64574.158655
[27:23:44] [worker #0] Bootstrap tree #777, logLikelihood: -62194.025994
[27:25:10] [worker #1] Bootstrap tree #782, logLikelihood: -66697.790368
[27:26:13] [worker #0] Bootstrap tree #779, logLikelihood: -64245.415285
[27:30:16] [worker #0] Bootstrap tree #781, logLikelihood: -61132.938419
[27:30:52] [worker #1] Bootstrap tree #784, logLikelihood: -66836.651065
[27:33:26] [worker #0] Bootstrap tree #783, logLikelihood: -62060.254379
[27:33:39] [worker #1] Bootstrap tree #786, logLikelihood: -61500.481017
[27:36:10] [worker #1] Bootstrap tree #788, logLikelihood: -63942.844542
[27:37:15] [worker #0] Bootstrap tree #785, logLikelihood: -61665.637310
[27:39:56] [worker #1] Bootstrap tree #790, logLikelihood: -63440.668071
[27:40:44] [worker #0] Bootstrap tree #787, logLikelihood: -63094.775332
[27:42:25] [worker #1] Bootstrap tree #792, logLikelihood: -63741.158744
[27:43:22] [worker #0] Bootstrap tree #789, logLikelihood: -62773.068962
[27:47:01] [worker #1] Bootstrap tree #794, logLikelihood: -64231.031016
[27:48:58] [worker #0] Bootstrap tree #791, logLikelihood: -63983.954932
[27:50:46] [worker #1] Bootstrap tree #796, logLikelihood: -59932.869840
[27:52:02] [worker #0] Bootstrap tree #793, logLikelihood: -61638.123675
[27:53:32] [worker #1] Bootstrap tree #798, logLikelihood: -61654.611514
[27:55:25] [worker #0] Bootstrap tree #795, logLikelihood: -64384.219836
[27:56:05] [worker #1] Bootstrap tree #800, logLikelihood: -62808.651043
[27:58:01] [worker #0] Bootstrap tree #797, logLikelihood: -63227.799779
[28:00:33] [worker #0] Bootstrap tree #799, logLikelihood: -62530.170560
[28:07:32] Bootstrapping converged after 800 replicates.

Optimized model parameters:

   Partition 0: noname
   Rate heterogeneity: GAMMA (4 cats, mean),  alpha: 0.289284 (ML),  weights&rates: (0.250000,0.004466) (0.250000,0.096189) (0.250000,0.577361) (0.250000,3.321984) 
   Base frequencies (ML): 0.270650 0.221586 0.197108 0.310656 
   Substitution rates (ML): 1.467198 6.108173 1.533112 0.841563 6.163894 1.000000 


Final LogLikelihood: -65642.543867

AIC score: 132753.087733 / AICc score: 133156.143393 / BIC score: 137256.217302
Free parameters (model + branch lengths): 734

WARNING: Best ML tree contains 3 near-zero branches!

Best ML tree with collapsed near-zero branches saved to: /home/andrew/Documents/github/macrocarpa-endophytes-2021/DATA/2024.snps/v1.raxml.bestTreeCollapsed
Best ML tree saved to: /home/andrew/Documents/github/macrocarpa-endophytes-2021/DATA/2024.snps/v1.raxml.bestTree
All ML trees saved to: /home/andrew/Documents/github/macrocarpa-endophytes-2021/DATA/2024.snps/v1.raxml.mlTrees
Best ML tree with Felsenstein bootstrap (FBP) support values saved to: /home/andrew/Documents/github/macrocarpa-endophytes-2021/DATA/2024.snps/v1.raxml.support
Optimized model saved to: /home/andrew/Documents/github/macrocarpa-endophytes-2021/DATA/2024.snps/v1.raxml.bestModel
Bootstrap trees saved to: /home/andrew/Documents/github/macrocarpa-endophytes-2021/DATA/2024.snps/v1.raxml.bootstraps

Execution log saved to: /home/andrew/Documents/github/macrocarpa-endophytes-2021/DATA/2024.snps/v1.raxml.log

Analysis started: 05-Dec-2024 10:29:07 / finished: 06-Dec-2024 14:36:40

Elapsed time: 101252.847 seconds

